<?xml version="1.0" encoding="UTF-8"?>
<!-- Generated by org.testng.reporters.JUnitReportReporter -->
<testsuite skipped="0" hostname="bdc6-dx-9r31t72" name="Demo2.PPSN" tests="1" failures="0" timestamp="27 Mar 2020 04:30:52 GMT" time="0.003" errors="0">
  <testcase name="PPSN" time="0.003" classname="Demo2.PPSN"/>
</testsuite> <!-- Demo2.PPSN -->
