<?xml version="1.0" encoding="UTF-8"?>
<!-- Generated by org.testng.reporters.JUnitReportReporter -->
<testsuite skipped="0" hostname="bdc6-dx-9r31t72" name="Demo2.EBS" tests="1" failures="0" timestamp="27 Mar 2020 04:30:52 GMT" time="0.002" errors="0">
  <testcase name="EBS" time="0.002" classname="Demo2.EBS"/>
</testsuite> <!-- Demo2.EBS -->
