<?xml version="1.0" encoding="UTF-8"?>
<!-- Generated by org.testng.reporters.JUnitReportReporter -->
<testsuite skipped="0" hostname="bdc6-dx-9r31t72" name="Demo2.CCR" tests="1" failures="0" timestamp="27 Mar 2020 04:30:52 GMT" time="0.015" errors="0">
  <testcase name="CCR" time="0.015" classname="Demo2.CCR"/>
</testsuite> <!-- Demo2.CCR -->
