<?xml version="1.0" encoding="UTF-8"?>
<!-- Generated by org.testng.reporters.JUnitReportReporter -->
<testsuite skipped="0" hostname="bdc6-dx-9r31t72" name="demo.testng" tests="1" failures="0" timestamp="27 Mar 2020 06:16:54 GMT" time="0.014" errors="0">
  <testcase name="login" time="0.014" classname="demo.testng"/>
</testsuite> <!-- demo.testng -->
