<?xml version="1.0" encoding="UTF-8"?>
<!-- Generated by org.testng.reporters.JUnitReportReporter -->
<testsuite skipped="0" hostname="bdc6-dx-9r31t72" name="Demo4.parameter" tests="1" failures="0" timestamp="27 Mar 2020 04:34:17 GMT" time="0.010" errors="0">
  <testcase name="f" time="0.010" classname="Demo4.parameter"/>
</testsuite> <!-- Demo4.parameter -->
