<?xml version="1.0" encoding="UTF-8"?>
<!-- Generated by org.testng.reporters.JUnitReportReporter -->
<testsuite skipped="0" hostname="bdc6-dx-9r31t72" name="Demo4.NewTest" tests="6" failures="0" timestamp="27 Mar 2020 04:37:34 GMT" time="0.063" errors="0">
  <testcase name="f" time="0.016" classname="Demo4.NewTest"/>
  <testcase name="f" time="0.016" classname="Demo4.NewTest"/>
  <testcase name="f" time="0.007" classname="Demo4.NewTest"/>
  <testcase name="f" time="0.016" classname="Demo4.NewTest"/>
  <testcase name="f" time="0.002" classname="Demo4.NewTest"/>
  <testcase name="f" time="0.006" classname="Demo4.NewTest"/>
</testsuite> <!-- Demo4.NewTest -->
