<?xml version="1.0" encoding="UTF-8"?>
<!-- Generated by org.testng.reporters.JUnitReportReporter -->
<testsuite skipped="0" hostname="bdc6-dx-9r31t72" name="Demo4.abc" tests="6" failures="0" timestamp="27 Mar 2020 04:36:44 GMT" time="0.080" errors="0">
  <testcase name="payment" time="0.010" classname="Demo4.abc"/>
  <testcase name="home" time="0.025" classname="Demo4.abc"/>
  <testcase name="login" time="0.004" classname="Demo4.abc"/>
  <testcase name="login" time="0.010" classname="Demo4.abc"/>
  <testcase name="home" time="0.025" classname="Demo4.abc"/>
  <testcase name="payment" time="0.006" classname="Demo4.abc"/>
</testsuite> <!-- Demo4.abc -->
