<?xml version="1.0" encoding="UTF-8"?>
<!-- Generated by org.testng.reporters.JUnitReportReporter -->
<testsuite skipped="0" hostname="bdc6-dx-9r31t72" name="demo.abc" tests="2" failures="0" timestamp="27 Mar 2020 04:20:08 GMT" time="0.015" errors="0">
  <testcase name="login" time="0.003" classname="demo.abc"/>
  <testcase name="HomePage" time="0.012" classname="demo.abc"/>
</testsuite> <!-- demo.abc -->
