<?xml version="1.0" encoding="UTF-8"?>
<!-- Generated by org.testng.reporters.JUnitReportReporter -->
<testsuite skipped="0" hostname="bdc6-dx-9r31t72" name="demo.NewTest" tests="1" failures="0" timestamp="26 Mar 2020 14:41:37 GMT" time="0.005" errors="0">
  <testcase name="f" time="0.005" classname="demo.NewTest"/>
</testsuite> <!-- demo.NewTest -->
