<?xml version="1.0" encoding="UTF-8"?>
<!-- Generated by org.testng.reporters.JUnitReportReporter -->
<testsuite skipped="0" hostname="bdc6-dx-9r31t72" name="demo.demomain" tests="1" failures="0" timestamp="26 Mar 2020 14:41:37 GMT" time="0.014" errors="0">
  <testcase name="login" time="0.014" classname="demo.demomain"/>
</testsuite> <!-- demo.demomain -->
