<?xml version="1.0" encoding="UTF-8"?>
<!-- Generated by org.testng.reporters.JUnitReportReporter -->
<testsuite skipped="0" hostname="bdc6-dx-9r31t72" name="runner.Runner2" tests="1" failures="0" timestamp="31 Mar 2020 16:10:06 GMT" time="0.244" errors="0">
  <testcase name="login" time="0.244" classname="runner.Runner2"/>
</testsuite> <!-- runner.Runner2 -->
