<?xml version="1.0" encoding="UTF-8"?>
<!-- Generated by org.testng.reporters.JUnitReportReporter -->
<testsuite skipped="0" hostname="bdc6-dx-9r31t72" name="runner.Runner" tests="1" failures="0" timestamp="01 Apr 2020 04:43:50 GMT" time="0.285" errors="0">
  <testcase name="login" time="0.285" classname="runner.Runner"/>
</testsuite> <!-- runner.Runner -->
