<?xml version="1.0" encoding="UTF-8"?>
<!-- Generated by org.testng.reporters.JUnitReportReporter -->
<testsuite skipped="0" hostname="bdc6-dx-9r31t72" name="runner.CucumberRunnerTestng" tests="1" failures="0" timestamp="03 Apr 2020 04:37:35 GMT" time="0.782" errors="0">
  <testcase name="feature" time="0.782" classname="runner.CucumberRunnerTestng"/>
</testsuite> <!-- runner.CucumberRunnerTestng -->
