<?xml version="1.0" encoding="UTF-8"?>
<!-- Generated by org.testng.reporters.JUnitReportReporter -->
<testsuite skipped="0" hostname="bdc6-dx-9r31t72" name="demo3.NewTest" tests="2" failures="0" timestamp="27 Mar 2020 04:48:04 GMT" time="0.020" errors="0">
  <testcase name="home" time="0.010" classname="demo3.NewTest"/>
  <testcase name="login" time="0.010" classname="demo3.NewTest"/>
</testsuite> <!-- demo3.NewTest -->
